12-24 13:02:50 | Blue-H vs Red-H
12-24 13:02:50 | Directory: results\exp_2_baseline\evaluation.log
12-24 13:02:53 | Episode:     2 | blue win:   0.000 | red win:   1.000 | draw:   0.000 | blue reward:  12.365 | timestep:  83.000 | blue catch:   0.000 | blue attack:   1.643 | blue island dead:   0.000 | blue reward feedback:   0.000 | seed:   4.000
12-24 13:02:53 | Episode:     3 | blue win:   0.000 | red win:   1.000 | draw:   0.000 | blue reward:  11.615 | timestep:  83.000 | blue catch:   0.000 | blue attack:   1.144 | blue island dead:   0.000 | blue reward feedback:   0.000 | seed:   5.000
12-24 13:02:53 | Episode:     4 | blue win:   0.000 | red win:   1.000 | draw:   0.000 | blue reward:  12.872 | timestep:  83.000 | blue catch:   0.000 | blue attack:   1.981 | blue island dead:   0.000 | blue reward feedback:   0.000 | seed:   7.000
12-24 13:02:53 | Episode:     5 | blue win:   0.000 | red win:   1.000 | draw:   0.000 | blue reward:  12.992 | timestep:  83.000 | blue catch:   0.000 | blue attack:   2.062 | blue island dead:   0.000 | blue reward feedback:   0.000 | seed:   8.000
12-24 13:02:53 | Episode:     6 | blue win:   0.000 | red win:   1.000 | draw:   0.000 | blue reward:  13.311 | timestep:  83.000 | blue catch:   0.000 | blue attack:   2.274 | blue island dead:   0.000 | blue reward feedback:   0.000 | seed:  10.000
12-24 13:02:53 | Episode:     7 | blue win:   0.000 | red win:   1.000 | draw:   0.000 | blue reward:  11.343 | timestep:  84.000 | blue catch:   0.000 | blue attack:   0.762 | blue island dead:   0.000 | blue reward feedback:   0.000 | seed:   1.000
12-24 13:02:53 | Episode:     8 | blue win:   0.000 | red win:   1.000 | draw:   0.000 | blue reward:  10.895 | timestep:  84.000 | blue catch:   0.000 | blue attack:   2.130 | blue island dead:   1.000 | blue reward feedback:   0.000 | seed:   2.000
12-24 13:02:53 | Episode:     9 | blue win:   0.000 | red win:   1.000 | draw:   0.000 | blue reward:  12.839 | timestep:  84.000 | blue catch:   0.000 | blue attack:   1.759 | blue island dead:   0.000 | blue reward feedback:   0.000 | seed:   3.000
12-24 13:02:53 | Episode:    10 | blue win:   0.000 | red win:   1.000 | draw:   0.000 | blue reward:   8.498 | timestep:  84.000 | blue catch:   0.000 | blue attack:   2.199 | blue island dead:   2.000 | blue reward feedback:   0.000 | seed:   6.000
12-24 13:02:53 | Episode:    11 | blue win:   0.000 | red win:   1.000 | draw:   0.000 | blue reward:  14.085 | timestep:  85.000 | blue catch:   0.000 | blue attack:   2.390 | blue island dead:   0.000 | blue reward feedback:   0.000 | seed:   9.000
12-24 13:02:56 | Episode:    12 | blue win:   0.000 | red win:   1.000 | draw:   0.000 | blue reward:  20.237 | timestep:  83.000 | blue catch:   1.000 | blue attack:   2.892 | blue island dead:   0.000 | blue reward feedback:   0.000 | seed:  11.000
12-24 13:02:56 | Episode:    13 | blue win:   0.000 | red win:   1.000 | draw:   0.000 | blue reward:  11.582 | timestep:  83.000 | blue catch:   0.000 | blue attack:   1.121 | blue island dead:   0.000 | blue reward feedback:   0.000 | seed:  14.000
12-24 13:02:56 | Episode:    14 | blue win:   0.000 | red win:   1.000 | draw:   0.000 | blue reward:   8.492 | timestep:  83.000 | blue catch:   0.000 | blue attack:   0.728 | blue island dead:   1.000 | blue reward feedback:   0.000 | seed:  15.000
12-24 13:02:56 | Episode:    15 | blue win:   0.000 | red win:   1.000 | draw:   0.000 | blue reward:  13.211 | timestep:  83.000 | blue catch:   0.000 | blue attack:   2.208 | blue island dead:   0.000 | blue reward feedback:   0.000 | seed:  16.000
12-24 13:02:56 | Episode:    16 | blue win:   0.000 | red win:   1.000 | draw:   0.000 | blue reward:  19.822 | timestep:  84.000 | blue catch:   1.000 | blue attack:   2.414 | blue island dead:   0.000 | blue reward feedback:   0.000 | seed:  12.000
12-24 13:02:56 | Episode:    17 | blue win:   0.000 | red win:   1.000 | draw:   0.000 | blue reward:  14.074 | timestep:  83.000 | blue catch:   0.000 | blue attack:   2.782 | blue island dead:   0.000 | blue reward feedback:   0.000 | seed:  19.000
12-24 13:02:56 | Episode:    18 | blue win:   0.000 | red win:   1.000 | draw:   0.000 | blue reward:  12.828 | timestep:  84.000 | blue catch:   0.000 | blue attack:   1.752 | blue island dead:   0.000 | blue reward feedback:   0.000 | seed:  13.000
12-24 13:02:56 | Episode:    19 | blue win:   0.000 | red win:   1.000 | draw:   0.000 | blue reward:  11.718 | timestep:  84.000 | blue catch:   0.000 | blue attack:   1.012 | blue island dead:   0.000 | blue reward feedback:   0.000 | seed:  17.000
12-24 13:02:56 | Episode:    20 | blue win:   0.000 | red win:   1.000 | draw:   0.000 | blue reward:  13.392 | timestep:  84.000 | blue catch:   0.000 | blue attack:   2.128 | blue island dead:   0.000 | blue reward feedback:   0.000 | seed:  18.000
12-24 13:02:56 | Episode:    21 | blue win:   0.000 | red win:   1.000 | draw:   0.000 | blue reward:  11.829 | timestep:  83.000 | blue catch:   0.000 | blue attack:   1.286 | blue island dead:   0.000 | blue reward feedback:   0.000 | seed:  20.000
12-24 13:02:59 | Episode:    22 | blue win:   0.000 | red win:   1.000 | draw:   0.000 | blue reward:   8.189 | timestep:  83.000 | blue catch:   0.000 | blue attack:   0.526 | blue island dead:   1.000 | blue reward feedback:   0.000 | seed:  21.000
12-24 13:02:59 | Episode:    23 | blue win:   0.000 | red win:   1.000 | draw:   0.000 | blue reward:  10.490 | timestep:  83.000 | blue catch:   0.000 | blue attack:   2.060 | blue island dead:   1.000 | blue reward feedback:   0.000 | seed:  22.000
12-24 13:02:59 | Episode:    24 | blue win:   0.000 | red win:   1.000 | draw:   0.000 | blue reward:  16.269 | timestep:  83.000 | blue catch:   1.000 | blue attack:   1.913 | blue island dead:   1.000 | blue reward feedback:   0.000 | seed:  24.000
12-24 13:02:59 | Episode:    25 | blue win:   0.000 | red win:   1.000 | draw:   0.000 | blue reward:  12.070 | timestep:  83.000 | blue catch:   0.000 | blue attack:   1.447 | blue island dead:   0.000 | blue reward feedback:   0.000 | seed:  25.000
12-24 13:02:59 | Episode:    26 | blue win:   0.000 | red win:   1.000 | draw:   0.000 | blue reward:  18.097 | timestep:  83.000 | blue catch:   1.000 | blue attack:   1.465 | blue island dead:   0.000 | blue reward feedback:   0.000 | seed:  26.000
12-24 13:02:59 | Episode:    27 | blue win:   0.000 | red win:   1.000 | draw:   0.000 | blue reward:  12.262 | timestep:  83.000 | blue catch:   0.000 | blue attack:   1.575 | blue island dead:   0.000 | blue reward feedback:   0.000 | seed:  27.000
12-24 13:02:59 | Episode:    28 | blue win:   0.000 | red win:   1.000 | draw:   0.000 | blue reward:  13.279 | timestep:  84.000 | blue catch:   0.000 | blue attack:   2.053 | blue island dead:   0.000 | blue reward feedback:   0.000 | seed:  23.000
12-24 13:02:59 | Episode:    29 | blue win:   0.000 | red win:   1.000 | draw:   0.000 | blue reward:  17.587 | timestep:  83.000 | blue catch:   1.000 | blue attack:   1.125 | blue island dead:   0.000 | blue reward feedback:   0.000 | seed:  28.000
12-24 13:02:59 | Episode:    30 | blue win:   0.000 | red win:   1.000 | draw:   0.000 | blue reward:  13.519 | timestep:  83.000 | blue catch:   0.000 | blue attack:   2.412 | blue island dead:   0.000 | blue reward feedback:   0.000 | seed:  29.000
12-24 13:02:59 | Episode:    31 | blue win:   0.000 | red win:   1.000 | draw:   0.000 | blue reward:   9.547 | timestep:  83.000 | blue catch:   0.000 | blue attack:   1.432 | blue island dead:   1.000 | blue reward feedback:   0.000 | seed:  30.000
12-24 13:03:02 | Episode:    32 | blue win:   0.000 | red win:   1.000 | draw:   0.000 | blue reward:  11.912 | timestep:  83.000 | blue catch:   0.000 | blue attack:   1.342 | blue island dead:   0.000 | blue reward feedback:   0.000 | seed:  32.000
12-24 13:03:02 | Episode:    33 | blue win:   0.000 | red win:   1.000 | draw:   0.000 | blue reward:  12.790 | timestep:  83.000 | blue catch:   0.000 | blue attack:   1.926 | blue island dead:   0.000 | blue reward feedback:   0.000 | seed:  33.000
12-24 13:03:02 | Episode:    34 | blue win:   0.000 | red win:   1.000 | draw:   0.000 | blue reward:  11.452 | timestep:  84.000 | blue catch:   0.000 | blue attack:   0.835 | blue island dead:   0.000 | blue reward feedback:   0.000 | seed:  31.000
12-24 13:03:02 | Episode:    35 | blue win:   0.000 | red win:   1.000 | draw:   0.000 | blue reward:  14.614 | timestep:  83.000 | blue catch:   0.000 | blue attack:   3.142 | blue island dead:   0.000 | blue reward feedback:   0.000 | seed:  35.000
12-24 13:03:02 | Episode:    36 | blue win:   0.000 | red win:   1.000 | draw:   0.000 | blue reward:  19.139 | timestep:  83.000 | blue catch:   1.000 | blue attack:   2.160 | blue island dead:   0.000 | blue reward feedback:   0.000 | seed:  37.000
12-24 13:03:02 | Episode:    37 | blue win:   0.000 | red win:   1.000 | draw:   0.000 | blue reward:  20.172 | timestep:  84.000 | blue catch:   1.000 | blue attack:   2.648 | blue island dead:   0.000 | blue reward feedback:   0.000 | seed:  34.000
12-24 13:03:02 | Episode:    38 | blue win:   0.000 | red win:   1.000 | draw:   0.000 | blue reward:  12.943 | timestep:  84.000 | blue catch:   0.000 | blue attack:   1.829 | blue island dead:   0.000 | blue reward feedback:   0.000 | seed:  36.000
12-24 13:03:02 | Episode:    39 | blue win:   0.000 | red win:   1.000 | draw:   0.000 | blue reward:  11.060 | timestep:  83.000 | blue catch:   0.000 | blue attack:   0.773 | blue island dead:   0.000 | blue reward feedback:   0.000 | seed:  40.000
12-24 13:03:02 | Episode:    40 | blue win:   0.000 | red win:   1.000 | draw:   0.000 | blue reward:   7.422 | timestep:  84.000 | blue catch:   0.000 | blue attack:   1.481 | blue island dead:   2.000 | blue reward feedback:   0.000 | seed:  38.000
12-24 13:03:02 | Episode:    41 | blue win:   0.000 | red win:   1.000 | draw:   0.000 | blue reward:  12.527 | timestep:  84.000 | blue catch:   0.000 | blue attack:   1.551 | blue island dead:   0.000 | blue reward feedback:   0.000 | seed:  39.000
12-24 13:03:05 | Episode:    42 | blue win:   0.000 | red win:   1.000 | draw:   0.000 | blue reward:  12.946 | timestep:  83.000 | blue catch:   0.000 | blue attack:   2.031 | blue island dead:   0.000 | blue reward feedback:   0.000 | seed:  41.000
12-24 13:03:05 | Episode:    43 | blue win:   0.000 | red win:   1.000 | draw:   0.000 | blue reward:  18.214 | timestep:  83.000 | blue catch:   1.000 | blue attack:   1.543 | blue island dead:   0.000 | blue reward feedback:   0.000 | seed:  42.000
12-24 13:03:05 | Episode:    44 | blue win:   0.000 | red win:   1.000 | draw:   0.000 | blue reward:  13.135 | timestep:  83.000 | blue catch:   0.000 | blue attack:   2.156 | blue island dead:   0.000 | blue reward feedback:   0.000 | seed:  45.000
12-24 13:03:05 | Episode:    45 | blue win:   0.000 | red win:   1.000 | draw:   0.000 | blue reward:  13.130 | timestep:  84.000 | blue catch:   0.000 | blue attack:   1.953 | blue island dead:   0.000 | blue reward feedback:   0.000 | seed:  43.000
12-24 13:03:05 | Episode:    46 | blue win:   0.000 | red win:   1.000 | draw:   0.000 | blue reward:  13.206 | timestep:  84.000 | blue catch:   0.000 | blue attack:   2.004 | blue island dead:   0.000 | blue reward feedback:   0.000 | seed:  44.000
12-24 13:03:05 | Episode:    47 | blue win:   0.000 | red win:   1.000 | draw:   0.000 | blue reward:  12.824 | timestep:  83.000 | blue catch:   0.000 | blue attack:   1.949 | blue island dead:   0.000 | blue reward feedback:   0.000 | seed:  47.000
12-24 13:03:05 | Episode:    48 | blue win:   0.000 | red win:   1.000 | draw:   0.000 | blue reward:  12.751 | timestep:  83.000 | blue catch:   0.000 | blue attack:   1.901 | blue island dead:   0.000 | blue reward feedback:   0.000 | seed:  48.000
12-24 13:03:05 | Episode:    49 | blue win:   0.000 | red win:   1.000 | draw:   0.000 | blue reward:  10.659 | timestep:  83.000 | blue catch:   0.000 | blue attack:   2.173 | blue island dead:   1.000 | blue reward feedback:   0.000 | seed:  49.000
12-24 13:03:05 | Episode:    50 | blue win:   0.000 | red win:   1.000 | draw:   0.000 | blue reward:   9.326 | timestep:  84.000 | blue catch:   0.000 | blue attack:   1.084 | blue island dead:   1.000 | blue reward feedback:   0.000 | seed:  46.000
12-24 13:03:06 | Episode:    51 | blue win:   0.000 | red win:   1.000 | draw:   0.000 | blue reward:  20.933 | timestep:  86.000 | blue catch:   1.000 | blue attack:   2.755 | blue island dead:   0.000 | blue reward feedback:   0.000 | seed:  50.000
12-24 13:03:08 | Episode:    52 | blue win:   0.000 | red win:   1.000 | draw:   0.000 | blue reward:  12.546 | timestep:  84.000 | blue catch:   0.000 | blue attack:   1.564 | blue island dead:   0.000 | blue reward feedback:   0.000 | seed:  51.000
12-24 13:03:09 | Episode:    53 | blue win:   0.000 | red win:   1.000 | draw:   0.000 | blue reward:  18.329 | timestep:  84.000 | blue catch:   1.000 | blue attack:   1.419 | blue island dead:   0.000 | blue reward feedback:   0.000 | seed:  52.000
12-24 13:03:09 | Episode:    54 | blue win:   0.000 | red win:   1.000 | draw:   0.000 | blue reward:  12.366 | timestep:  83.000 | blue catch:   0.000 | blue attack:   1.644 | blue island dead:   0.000 | blue reward feedback:   0.000 | seed:  54.000
12-24 13:03:09 | Episode:    55 | blue win:   0.000 | red win:   1.000 | draw:   0.000 | blue reward:   8.514 | timestep:  83.000 | blue catch:   0.000 | blue attack:   0.743 | blue island dead:   1.000 | blue reward feedback:   0.000 | seed:  55.000
12-24 13:03:09 | Episode:    56 | blue win:   0.000 | red win:   1.000 | draw:   0.000 | blue reward:  10.627 | timestep:  83.000 | blue catch:   0.000 | blue attack:   0.485 | blue island dead:   0.000 | blue reward feedback:   0.000 | seed:  57.000
12-24 13:03:09 | Episode:    57 | blue win:   0.000 | red win:   1.000 | draw:   0.000 | blue reward:  19.937 | timestep:  84.000 | blue catch:   1.000 | blue attack:   2.492 | blue island dead:   0.000 | blue reward feedback:   0.000 | seed:  53.000
12-24 13:03:09 | Episode:    58 | blue win:   0.000 | red win:   1.000 | draw:   0.000 | blue reward:  13.153 | timestep:  83.000 | blue catch:   0.000 | blue attack:   2.169 | blue island dead:   0.000 | blue reward feedback:   0.000 | seed:  58.000
12-24 13:03:09 | Episode:    59 | blue win:   0.000 | red win:   1.000 | draw:   0.000 | blue reward:  12.610 | timestep:  83.000 | blue catch:   0.000 | blue attack:   1.807 | blue island dead:   0.000 | blue reward feedback:   0.000 | seed:  59.000
12-24 13:03:09 | Episode:    60 | blue win:   0.000 | red win:   1.000 | draw:   0.000 | blue reward:  13.129 | timestep:  84.000 | blue catch:   0.000 | blue attack:   1.953 | blue island dead:   0.000 | blue reward feedback:   0.000 | seed:  56.000
12-24 13:03:09 | Episode:    61 | blue win:   0.000 | red win:   1.000 | draw:   0.000 | blue reward:  11.694 | timestep:  83.000 | blue catch:   0.000 | blue attack:   1.196 | blue island dead:   0.000 | blue reward feedback:   0.000 | seed:  60.000
12-24 13:03:12 | Episode:    62 | blue win:   0.000 | red win:   1.000 | draw:   0.000 | blue reward:  10.845 | timestep:  83.000 | blue catch:   0.000 | blue attack:   0.630 | blue island dead:   0.000 | blue reward feedback:   0.000 | seed:  62.000
12-24 13:03:12 | Episode:    63 | blue win:   0.000 | red win:   1.000 | draw:   0.000 | blue reward:  14.982 | timestep:  84.000 | blue catch:   0.000 | blue attack:   3.188 | blue island dead:   0.000 | blue reward feedback:   0.000 | seed:  61.000
12-24 13:03:12 | Episode:    64 | blue win:   0.000 | red win:   1.000 | draw:   0.000 | blue reward:  12.334 | timestep:  83.000 | blue catch:   0.000 | blue attack:   1.623 | blue island dead:   0.000 | blue reward feedback:   0.000 | seed:  65.000
12-24 13:03:12 | Episode:    65 | blue win:   0.000 | red win:   1.000 | draw:   0.000 | blue reward:  12.442 | timestep:  83.000 | blue catch:   0.000 | blue attack:   1.695 | blue island dead:   0.000 | blue reward feedback:   0.000 | seed:  66.000
12-24 13:03:12 | Episode:    66 | blue win:   0.000 | red win:   1.000 | draw:   0.000 | blue reward:   8.683 | timestep:  83.000 | blue catch:   0.000 | blue attack:   0.855 | blue island dead:   1.000 | blue reward feedback:   0.000 | seed:  67.000
12-24 13:03:12 | Episode:    67 | blue win:   0.000 | red win:   1.000 | draw:   0.000 | blue reward:  12.268 | timestep:  84.000 | blue catch:   0.000 | blue attack:   1.378 | blue island dead:   0.000 | blue reward feedback:   0.000 | seed:  63.000
12-24 13:03:12 | Episode:    68 | blue win:   0.000 | red win:   1.000 | draw:   0.000 | blue reward:  14.051 | timestep:  84.000 | blue catch:   0.000 | blue attack:   2.567 | blue island dead:   0.000 | blue reward feedback:   0.000 | seed:  64.000
12-24 13:03:12 | Episode:    69 | blue win:   0.000 | red win:   1.000 | draw:   0.000 | blue reward:  10.791 | timestep:  84.000 | blue catch:   0.000 | blue attack:   0.394 | blue island dead:   0.000 | blue reward feedback:   0.000 | seed:  68.000
12-24 13:03:12 | Episode:    70 | blue win:   0.000 | red win:   1.000 | draw:   0.000 | blue reward:  12.067 | timestep:  84.000 | blue catch:   0.000 | blue attack:   1.245 | blue island dead:   0.000 | blue reward feedback:   0.000 | seed:  69.000
12-24 13:03:12 | Episode:    71 | blue win:   0.000 | red win:   1.000 | draw:   0.000 | blue reward:   9.712 | timestep:  83.000 | blue catch:   0.000 | blue attack:   1.541 | blue island dead:   1.000 | blue reward feedback:   0.000 | seed:  70.000
12-24 13:03:15 | Episode:    72 | blue win:   0.000 | red win:   1.000 | draw:   0.000 | blue reward:  10.116 | timestep:  83.000 | blue catch:   0.000 | blue attack:   1.811 | blue island dead:   1.000 | blue reward feedback:   0.000 | seed:  72.000
12-24 13:03:15 | Episode:    73 | blue win:   0.000 | red win:   1.000 | draw:   0.000 | blue reward:   9.579 | timestep:  83.000 | blue catch:   0.000 | blue attack:   1.453 | blue island dead:   1.000 | blue reward feedback:   0.000 | seed:  73.000
12-24 13:03:15 | Episode:    74 | blue win:   0.000 | red win:   1.000 | draw:   0.000 | blue reward:  11.330 | timestep:  84.000 | blue catch:   0.000 | blue attack:   2.420 | blue island dead:   1.000 | blue reward feedback:   0.000 | seed:  71.000
12-24 13:03:15 | Episode:    75 | blue win:   0.000 | red win:   1.000 | draw:   0.000 | blue reward:  13.799 | timestep:  83.000 | blue catch:   0.000 | blue attack:   2.599 | blue island dead:   0.000 | blue reward feedback:   0.000 | seed:  75.000
12-24 13:03:15 | Episode:    76 | blue win:   0.000 | red win:   1.000 | draw:   0.000 | blue reward:  20.003 | timestep:  83.000 | blue catch:   1.000 | blue attack:   2.736 | blue island dead:   0.000 | blue reward feedback:   0.000 | seed:  77.000
12-24 13:03:15 | Episode:    77 | blue win:   0.000 | red win:   1.000 | draw:   0.000 | blue reward:  11.730 | timestep:  84.000 | blue catch:   0.000 | blue attack:   1.020 | blue island dead:   0.000 | blue reward feedback:   0.000 | seed:  74.000
12-24 13:03:15 | Episode:    78 | blue win:   0.000 | red win:   1.000 | draw:   0.000 | blue reward:  12.594 | timestep:  84.000 | blue catch:   0.000 | blue attack:   1.596 | blue island dead:   0.000 | blue reward feedback:   0.000 | seed:  76.000
12-24 13:03:15 | Episode:    79 | blue win:   0.000 | red win:   1.000 | draw:   0.000 | blue reward:  12.616 | timestep:  84.000 | blue catch:   0.000 | blue attack:   1.610 | blue island dead:   0.000 | blue reward feedback:   0.000 | seed:  79.000
12-24 13:03:15 | Episode:    80 | blue win:   0.000 | red win:   1.000 | draw:   0.000 | blue reward:  12.787 | timestep:  83.000 | blue catch:   0.000 | blue attack:   1.925 | blue island dead:   0.000 | blue reward feedback:   0.000 | seed:  80.000
12-24 13:03:15 | Episode:    81 | blue win:   0.000 | red win:   1.000 | draw:   0.000 | blue reward:  12.860 | timestep:  85.000 | blue catch:   0.000 | blue attack:   1.574 | blue island dead:   0.000 | blue reward feedback:   0.000 | seed:  78.000
12-24 13:03:18 | Episode:    82 | blue win:   0.000 | red win:   1.000 | draw:   0.000 | blue reward:  14.516 | timestep:  83.000 | blue catch:   0.000 | blue attack:   3.077 | blue island dead:   0.000 | blue reward feedback:   0.000 | seed:  82.000
12-24 13:03:18 | Episode:    83 | blue win:   0.000 | red win:   1.000 | draw:   0.000 | blue reward:  13.697 | timestep:  83.000 | blue catch:   0.000 | blue attack:   2.531 | blue island dead:   0.000 | blue reward feedback:   0.000 | seed:  83.000
12-24 13:03:18 | Episode:    84 | blue win:   0.000 | red win:   1.000 | draw:   0.000 | blue reward:   6.771 | timestep:  84.000 | blue catch:   0.000 | blue attack:   1.047 | blue island dead:   2.000 | blue reward feedback:   0.000 | seed:  81.000
12-24 13:03:18 | Episode:    85 | blue win:   0.000 | red win:   1.000 | draw:   0.000 | blue reward:  13.246 | timestep:  83.000 | blue catch:   0.000 | blue attack:   2.231 | blue island dead:   0.000 | blue reward feedback:   0.000 | seed:  86.000
12-24 13:03:18 | Episode:    86 | blue win:   0.000 | red win:   1.000 | draw:   0.000 | blue reward:  12.109 | timestep:  84.000 | blue catch:   0.000 | blue attack:   1.273 | blue island dead:   0.000 | blue reward feedback:   0.000 | seed:  84.000
12-24 13:03:18 | Episode:    87 | blue win:   0.000 | red win:   1.000 | draw:   0.000 | blue reward:  14.231 | timestep:  83.000 | blue catch:   0.000 | blue attack:   2.887 | blue island dead:   0.000 | blue reward feedback:   0.000 | seed:  87.000
12-24 13:03:18 | Episode:    88 | blue win:   0.000 | red win:   1.000 | draw:   0.000 | blue reward:  14.330 | timestep:  84.000 | blue catch:   0.000 | blue attack:   2.753 | blue island dead:   0.000 | blue reward feedback:   0.000 | seed:  85.000
12-24 13:03:18 | Episode:    89 | blue win:   0.000 | red win:   1.000 | draw:   0.000 | blue reward:  10.246 | timestep:  83.000 | blue catch:   0.000 | blue attack:   1.897 | blue island dead:   1.000 | blue reward feedback:   0.000 | seed:  89.000
12-24 13:03:18 | Episode:    90 | blue win:   0.000 | red win:   1.000 | draw:   0.000 | blue reward:  20.160 | timestep:  83.000 | blue catch:   1.000 | blue attack:   2.840 | blue island dead:   0.000 | blue reward feedback:   0.000 | seed:  90.000
12-24 13:03:18 | Episode:    91 | blue win:   0.000 | red win:   1.000 | draw:   0.000 | blue reward:  19.578 | timestep:  84.000 | blue catch:   1.000 | blue attack:   2.252 | blue island dead:   0.000 | blue reward feedback:   0.000 | seed:  88.000
12-24 13:03:21 | Episode:    92 | blue win:   0.000 | red win:   1.000 | draw:   0.000 | blue reward:  18.902 | timestep:  83.000 | blue catch:   1.000 | blue attack:   2.001 | blue island dead:   0.000 | blue reward feedback:   0.000 | seed:  91.000
12-24 13:03:21 | Episode:    93 | blue win:   0.000 | red win:   1.000 | draw:   0.000 | blue reward:  12.825 | timestep:  83.000 | blue catch:   0.000 | blue attack:   1.950 | blue island dead:   0.000 | blue reward feedback:   0.000 | seed:  92.000
12-24 13:03:21 | Episode:    94 | blue win:   0.000 | red win:   1.000 | draw:   0.000 | blue reward:  11.235 | timestep:  83.000 | blue catch:   0.000 | blue attack:   0.890 | blue island dead:   0.000 | blue reward feedback:   0.000 | seed:  93.000
12-24 13:03:21 | Episode:    95 | blue win:   0.000 | red win:   1.000 | draw:   0.000 | blue reward:  19.312 | timestep:  83.000 | blue catch:   1.000 | blue attack:   2.275 | blue island dead:   0.000 | blue reward feedback:   0.000 | seed:  94.000
12-24 13:03:21 | Episode:    96 | blue win:   0.000 | red win:   1.000 | draw:   0.000 | blue reward:  12.133 | timestep:  83.000 | blue catch:   0.000 | blue attack:   1.489 | blue island dead:   0.000 | blue reward feedback:   0.000 | seed:  96.000
12-24 13:03:21 | Episode:    97 | blue win:   0.000 | red win:   1.000 | draw:   0.000 | blue reward:  12.556 | timestep:  83.000 | blue catch:   0.000 | blue attack:   1.770 | blue island dead:   0.000 | blue reward feedback:   0.000 | seed:  97.000
12-24 13:03:21 | Episode:    98 | blue win:   0.000 | red win:   1.000 | draw:   0.000 | blue reward:  17.210 | timestep:  84.000 | blue catch:   1.000 | blue attack:   2.340 | blue island dead:   1.000 | blue reward feedback:   0.000 | seed:  95.000
12-24 13:03:21 | Episode:    99 | blue win:   0.000 | red win:   1.000 | draw:   0.000 | blue reward:  12.881 | timestep:  84.000 | blue catch:   0.000 | blue attack:   1.788 | blue island dead:   0.000 | blue reward feedback:   0.000 | seed:  98.000
12-24 13:03:21 | Episode:   100 | blue win:   0.000 | red win:   1.000 | draw:   0.000 | blue reward:  11.856 | timestep:  84.000 | blue catch:   0.000 | blue attack:   1.104 | blue island dead:   0.000 | blue reward feedback:   0.000 | seed:  99.000
12-24 13:03:21 | Episode:   101 | blue win:   0.000 | red win:   1.000 | draw:   0.000 | blue reward:  19.648 | timestep:  84.000 | blue catch:   1.000 | blue attack:   2.298 | blue island dead:   0.000 | blue reward feedback:   0.000 | seed: 100.000
